# JRE version: OpenJDK Runtime Environment (15.0.1+9) (build 15.0.1+9-18)
# Java VM: OpenJDK 64-Bit Server VM (15.0.1+9-18, mixed mode, sharing, tiered, compressed oops, g1 gc, windows-amd64)
GC Precious Log:
 CPUs: 4 total, 4 available
 Memory: 3920M
 Large Page Support: Disabled
 NUMA Support: Disabled
 Compressed Oops: Enabled (32-bit)
 Heap Region Size: 1M
 Heap Min Capacity: 8M
 Heap Initial Capacity: 62M
 Heap Max Capacity: 982M
 Pre-touch: Disabled
 Parallel Workers: 4
 Concurrent Workers: 1
 Concurrent Refinement Workers: 4
 Periodic GC: Disabled
Heap:
 garbage-first heap   total 102400K, used 40361K [0x00000000c2a00000, 0x0000000100000000)
  region size 1024K, 1 young (1024K), 1 survivors (1024K)
 Metaspace       used 30508K, capacity 31052K, committed 31280K, reserved 1077248K
  class space    used 3937K, capacity 4132K, committed 4224K, reserved 1048576K
GC Heap History (20 events):
Event: 36.128 GC heap after
{Heap after GC invocations=19 (full 0):
 garbage-first heap   total 51200K, used 24803K [0x00000000c2a00000, 0x0000000100000000)
  region size 1024K, 2 young (2048K), 2 survivors (2048K)
 Metaspace       used 30209K, capacity 30621K, committed 30896K, reserved 1077248K
  class space    used 3888K, capacity 4043K, committed 4096K, reserved 1048576K
}
Event: 36.408 GC heap before
{Heap before GC invocations=19 (full 0):
 garbage-first heap   total 51200K, used 40163K [0x00000000c2a00000, 0x0000000100000000)
  region size 1024K, 17 young (17408K), 2 survivors (2048K)
 Metaspace       used 30398K, capacity 30892K, committed 31024K, reserved 1077248K
  class space    used 3922K, capacity 4100K, committed 4224K, reserved 1048576K
}
Event: 36.418 GC heap after
{Heap after GC invocations=20 (full 0):
 garbage-first heap   total 51200K, used 26456K [0x00000000c2a00000, 0x0000000100000000)
  region size 1024K, 2 young (2048K), 2 survivors (2048K)
 Metaspace       used 30398K, capacity 30892K, committed 31024K, reserved 1077248K
  class space    used 3922K, capacity 4100K, committed 4224K, reserved 1048576K
}
Event: 36.799 GC heap before
{Heap before GC invocations=21 (full 0):
 garbage-first heap   total 55296K, used 39768K [0x00000000c2a00000, 0x0000000100000000)
  region size 1024K, 15 young (15360K), 2 survivors (2048K)
 Metaspace       used 30398K, capacity 30892K, committed 31024K, reserved 1077248K
  class space    used 3922K, capacity 4100K, committed 4224K, reserved 1048576K
}
Event: 36.806 GC heap after
{Heap after GC invocations=22 (full 0):
 garbage-first heap   total 55296K, used 27851K [0x00000000c2a00000, 0x0000000100000000)
  region size 1024K, 2 young (2048K), 2 survivors (2048K)
 Metaspace       used 30398K, capacity 30892K, committed 31024K, reserved 1077248K
  class space    used 3922K, capacity 4100K, committed 4224K, reserved 1048576K
}
Event: 37.098 GC heap before
{Heap before GC invocations=22 (full 0):
 garbage-first heap   total 55296K, used 43211K [0x00000000c2a00000, 0x0000000100000000)
  region size 1024K, 17 young (17408K), 2 survivors (2048K)
 Metaspace       used 30404K, capacity 30892K, committed 31024K, reserved 1077248K
  class space    used 3923K, capacity 4100K, committed 4224K, reserved 1048576K
}
Event: 37.105 GC heap after
{Heap after GC invocations=23 (full 0):
 garbage-first heap   total 55296K, used 29367K [0x00000000c2a00000, 0x0000000100000000)
  region size 1024K, 3 young (3072K), 3 survivors (3072K)
 Metaspace       used 30404K, capacity 30892K, committed 31024K, reserved 1077248K
  class space    used 3923K, capacity 4100K, committed 4224K, reserved 1048576K
}
Event: 37.588 GC heap before
{Heap before GC invocations=24 (full 0):
 garbage-first heap   total 61440K, used 43703K [0x00000000c2a00000, 0x0000000100000000)
  region size 1024K, 17 young (17408K), 3 survivors (3072K)
 Metaspace       used 30404K, capacity 30892K, committed 31024K, reserved 1077248K
  class space    used 3923K, capacity 4100K, committed 4224K, reserved 1048576K
}
Event: 37.596 GC heap after
{Heap after GC invocations=25 (full 0):
 garbage-first heap   total 61440K, used 30831K [0x00000000c2a00000, 0x0000000100000000)
  region size 1024K, 2 young (2048K), 2 survivors (2048K)
 Metaspace       used 30404K, capacity 30892K, committed 31024K, reserved 1077248K
  class space    used 3923K, capacity 4100K, committed 4224K, reserved 1048576K
}
Event: 37.854 GC heap before
{Heap before GC invocations=25 (full 0):
 garbage-first heap   total 61440K, used 48239K [0x00000000c2a00000, 0x0000000100000000)
  region size 1024K, 19 young (19456K), 2 survivors (2048K)
 Metaspace       used 30404K, capacity 30892K, committed 31024K, reserved 1077248K
  class space    used 3923K, capacity 4100K, committed 4224K, reserved 1048576K
}
Event: 37.861 GC heap after
{Heap after GC invocations=26 (full 0):
 garbage-first heap   total 73728K, used 32508K [0x00000000c2a00000, 0x0000000100000000)
  region size 1024K, 3 young (3072K), 3 survivors (3072K)
 Metaspace       used 30404K, capacity 30892K, committed 31024K, reserved 1077248K
  class space    used 3923K, capacity 4100K, committed 4224K, reserved 1048576K
}
Event: 38.250 GC heap before
{Heap before GC invocations=27 (full 0):
 garbage-first heap   total 73728K, used 57084K [0x00000000c2a00000, 0x0000000100000000)
  region size 1024K, 27 young (27648K), 3 survivors (3072K)
 Metaspace       used 30404K, capacity 30892K, committed 31024K, reserved 1077248K
  class space    used 3923K, capacity 4100K, committed 4224K, reserved 1048576K
}
Event: 38.264 GC heap after
{Heap after GC invocations=28 (full 0):
 garbage-first heap   total 73728K, used 35013K [0x00000000c2a00000, 0x0000000100000000)
  region size 1024K, 4 young (4096K), 4 survivors (4096K)
 Metaspace       used 30404K, capacity 30892K, committed 31024K, reserved 1077248K
  class space    used 3923K, capacity 4100K, committed 4224K, reserved 1048576K
}
Event: 38.551 GC heap before
{Heap before GC invocations=28 (full 0):
 garbage-first heap   total 73728K, used 58565K [0x00000000c2a00000, 0x0000000100000000)
  region size 1024K, 27 young (27648K), 4 survivors (4096K)
 Metaspace       used 30404K, capacity 30892K, committed 31024K, reserved 1077248K
  class space    used 3923K, capacity 4100K, committed 4224K, reserved 1048576K
}
Event: 38.569 GC heap after
{Heap after GC invocations=29 (full 0):
 garbage-first heap   total 73728K, used 37842K [0x00000000c2a00000, 0x0000000100000000)
  region size 1024K, 3 young (3072K), 3 survivors (3072K)
 Metaspace       used 30404K, capacity 30892K, committed 31024K, reserved 1077248K
  class space    used 3923K, capacity 4100K, committed 4224K, reserved 1048576K
}
Event: 38.885 GC heap before
{Heap before GC invocations=29 (full 0):
 garbage-first heap   total 73728K, used 58322K [0x00000000c2a00000, 0x0000000100000000)
  region size 1024K, 23 young (23552K), 3 survivors (3072K)
 Metaspace       used 30406K, capacity 30892K, committed 31024K, reserved 1077248K
  class space    used 3924K, capacity 4100K, committed 4224K, reserved 1048576K
}
Event: 38.896 GC heap after
{Heap after GC invocations=30 (full 0):
 garbage-first heap   total 73728K, used 40038K [0x00000000c2a00000, 0x0000000100000000)
  region size 1024K, 3 young (3072K), 3 survivors (3072K)
 Metaspace       used 30406K, capacity 30892K, committed 31024K, reserved 1077248K
  class space    used 3924K, capacity 4100K, committed 4224K, reserved 1048576K
}
Event: 39.649 GC heap before
{Heap before GC invocations=31 (full 0):
 garbage-first heap   total 80896K, used 58470K [0x00000000c2a00000, 0x0000000100000000)
  region size 1024K, 21 young (21504K), 3 survivors (3072K)
 Metaspace       used 30479K, capacity 30956K, committed 31280K, reserved 1077248K
  class space    used 3931K, capacity 4100K, committed 4224K, reserved 1048576K
}
Event: 39.656 GC heap after
{Heap after GC invocations=32 (full 0):
 garbage-first heap   total 80896K, used 40474K [0x00000000c2a00000, 0x0000000100000000)
  region size 1024K, 1 young (1024K), 1 survivors (1024K)
 Metaspace       used 30479K, capacity 30956K, committed 31280K, reserved 1077248K
  class space    used 3931K, capacity 4100K, committed 4224K, reserved 1048576K
}
Event: 40.973 GC heap before
{Heap before GC invocations=32 (full 0):
 garbage-first heap   total 80896K, used 65050K [0x00000000c2a00000, 0x0000000100000000)
  region size 1024K, 25 young (25600K), 1 survivors (1024K)
 Metaspace       used 30508K, capacity 31052K, committed 31280K, reserved 1077248K
  class space    used 3937K, capacity 4132K, committed 4224K, reserved 1048576K
}

